c:\users\usuario\source\repos\ticket\ticket\x64\debug\ticket.pch
c:\users\usuario\source\repos\ticket\ticket\x64\debug\vc143.pdb
c:\users\usuario\source\repos\ticket\ticket\x64\debug\pch.obj
c:\users\usuario\source\repos\ticket\ticket\x64\debug\vistapanel.obj
c:\users\usuario\source\repos\ticket\ticket\x64\debug\usuario.obj
c:\users\usuario\source\repos\ticket\ticket\x64\debug\ticket1.obj
c:\users\usuario\source\repos\ticket\ticket\x64\debug\login.obj
c:\users\usuario\source\repos\ticket\ticket\x64\debug\form1.obj
c:\users\usuario\source\repos\ticket\ticket\x64\debug\ticket.obj
c:\users\usuario\source\repos\ticket\ticket\x64\debug\dataaccess.obj
c:\users\usuario\source\repos\ticket\ticket\x64\debug\carga.obj
c:\users\usuario\source\repos\ticket\ticket\x64\debug\assemblyinfo.obj
c:\users\usuario\source\repos\ticket\ticket\x64\debug\.netframework,version=v4.7.2.assemblyattributes.obj
c:\users\usuario\source\repos\ticket\x64\debug\mysql.data.dll
c:\users\usuario\source\repos\ticket\x64\debug\ticket.exe
c:\users\usuario\source\repos\ticket\x64\debug\ticket.pdb
c:\users\usuario\source\repos\ticket\ticket\x64\debug\app.res
c:\users\usuario\source\repos\ticket\ticket\x64\debug\ticket.pchast
c:\users\usuario\source\repos\ticket\ticket\x64\debug\.netframework,version=v4.7.2.assemblyattributes.nativecodeanalysis.xml
c:\users\usuario\source\repos\ticket\ticket\x64\debug\assemblyinfo.nativecodeanalysis.xml
c:\users\usuario\source\repos\ticket\ticket\x64\debug\carga.nativecodeanalysis.xml
c:\users\usuario\source\repos\ticket\ticket\x64\debug\dataaccess.nativecodeanalysis.xml
c:\users\usuario\source\repos\ticket\ticket\x64\debug\form1.nativecodeanalysis.xml
c:\users\usuario\source\repos\ticket\ticket\x64\debug\login.nativecodeanalysis.xml
c:\users\usuario\source\repos\ticket\ticket\x64\debug\pch.nativecodeanalysis.xml
c:\users\usuario\source\repos\ticket\ticket\x64\debug\ticket.nativecodeanalysis.xml
c:\users\usuario\source\repos\ticket\ticket\x64\debug\ticket1.nativecodeanalysis.xml
c:\users\usuario\source\repos\ticket\ticket\x64\debug\usuario.nativecodeanalysis.xml
c:\users\usuario\source\repos\ticket\ticket\x64\debug\vistapanel.nativecodeanalysis.xml
c:\users\usuario\source\repos\ticket\ticket\x64\debug\ticket.tlog\cl.command.1.tlog
c:\users\usuario\source\repos\ticket\ticket\x64\debug\ticket.tlog\cl.items.tlog
c:\users\usuario\source\repos\ticket\ticket\x64\debug\ticket.tlog\cl.read.1.tlog
c:\users\usuario\source\repos\ticket\ticket\x64\debug\ticket.tlog\cl.write.1.tlog
c:\users\usuario\source\repos\ticket\ticket\x64\debug\ticket.tlog\copylocal.read.1u.tlog
c:\users\usuario\source\repos\ticket\ticket\x64\debug\ticket.tlog\copylocal.write.1u.tlog
c:\users\usuario\source\repos\ticket\ticket\x64\debug\ticket.tlog\link.command.1.tlog
c:\users\usuario\source\repos\ticket\ticket\x64\debug\ticket.tlog\link.read.1.tlog
c:\users\usuario\source\repos\ticket\ticket\x64\debug\ticket.tlog\link.secondary.1.tlog
c:\users\usuario\source\repos\ticket\ticket\x64\debug\ticket.tlog\link.write.1.tlog
c:\users\usuario\source\repos\ticket\ticket\x64\debug\ticket.tlog\metagen.read.1.tlog
c:\users\usuario\source\repos\ticket\ticket\x64\debug\ticket.tlog\metagen.write.1.tlog
c:\users\usuario\source\repos\ticket\ticket\x64\debug\ticket.tlog\rc.command.1.tlog
c:\users\usuario\source\repos\ticket\ticket\x64\debug\ticket.tlog\rc.read.1.tlog
c:\users\usuario\source\repos\ticket\ticket\x64\debug\ticket.tlog\rc.write.1.tlog
c:\users\usuario\source\repos\ticket\ticket\x64\debug\ticket.tlog\resgen.command.1.tlog
c:\users\usuario\source\repos\ticket\ticket\x64\debug\ticket.tlog\resgen.read.1.tlog
c:\users\usuario\source\repos\ticket\ticket\x64\debug\ticket.tlog\resgen.write.1.tlog
